system          > 
system          > ConTeXt  ver: 2022.01.21 20:13 LMTX  fmt: 2022.1.24  int: english/english
system          > 
system          > 'cont-new.mkxl' loaded
open source     > level 1, order 1, name 'D:/venvs/context-win64/tex/texmf-context/tex/context/base/mkxl/cont-new.mkxl'
system          > beware: some patches loaded from cont-new.mkiv
close source    > level 1, order 1, name 'D:/venvs/context-win64/tex/texmf-context/tex/context/base/mkxl/cont-new.mkxl'
system          > files > jobname 'd:/ah21/vertical-typesetting/vtypesetting_callback', input 'd:/ah21/vertical-typesetting/vtypesetting_callback.lmtx', result 'd:/ah21/vertical-typesetting/vtypesetting_callback'
fonts           > latin modern fonts are not preloaded
languages       > language 'en' is active
open source     > level 1, order 2, name 'd:/ah21/vertical-typesetting/vtypesetting_callback.lmtx'
open source     > level 2, order 3, name 'D:/venvs/context-win64/tex/texmf-context/tex/context/fonts/mkiv/type-imp-mscore.mkiv'
close source    > level 2, order 3, name 'D:/venvs/context-win64/tex/texmf-context/tex/context/fonts/mkiv/type-imp-mscore.mkiv'
open source     > level 2, order 4, name 'D:/venvs/context-win64/tex/texmf-context/tex/context/fonts/mkiv/type-imp-cambria.mkiv'
open source     > level 3, order 5, name 'D:/venvs/context-win64/tex/texmf-context/tex/context/fonts/mkiv/type-imp-dejavu.mkiv'
close source    > level 3, order 5, name 'D:/venvs/context-win64/tex/texmf-context/tex/context/fonts/mkiv/type-imp-dejavu.mkiv'
close source    > level 2, order 5, name 'D:/venvs/context-win64/tex/texmf-context/tex/context/fonts/mkiv/type-imp-cambria.mkiv'
fonts           > otf enhancing > DisplayOperatorMinHeight(2500 -> 2800)
modules         > 'zhfonts' is loaded
open source     > level 2, order 6, name 'D:/venvs/context-win64/tex/texmf-context/third/zhfonts/t-zhfonts.mkiv'
loading         > ConTeXt User Module / zhfonts
resolvers       > lua > loading file 'D:/venvs/context-win64/tex/texmf-context/third/zhfonts/t-zhfonts.lua' succeeded
close source    > level 2, order 6, name 'D:/venvs/context-win64/tex/texmf-context/third/zhfonts/t-zhfonts.mkiv'
structure       > sectioning > chapter @ level 2 : 0.1 -> 屠龙之技
fonts           > bodyfont '24pt' is defined (can better be done global)
fonts           > bodyfont '28.8pt' is defined (can better be done global)
fonts           > bodyfont '19.2pt' is defined (can better be done global)
backend         > xmp > using file 'D:/venvs/context-win64/tex/texmf-context/tex/context/base/mkiv/lpdf-pdx.xml'
pages           > flushing realpage 1, userpage 1, subpage 1
pages           > flushing realpage 2, userpage 2, subpage 2
pages           > flushing realpage 3, userpage 3, subpage 3
pages           > flushing realpage 4, userpage 4, subpage 4
pages           > flushing realpage 5, userpage 5, subpage 5
pages           > flushing realpage 6, userpage 6, subpage 6
close source    > level 1, order 6, name 'd:/ah21/vertical-typesetting/vtypesetting_callback.lmtx'
system          > start used files
system          > text: vtypesetting_callback
system          > stop used files
system          > start used files
system          >    1: filename=publ-imp-default.lua filetype=lua foundname=D:/venvs/context-win64/tex/texmf-context/tex/context/base/mkiv/publ-imp-default.lua fullname=D:/venvs/context-win64/tex/texmf-context/tex/context/base/mkiv/publ-imp-default.lua usedmethod=database
system          >    2: filename=cont-new.mkxl filetype=tex foundname=D:/venvs/context-win64/tex/texmf-context/tex/context/base/mkxl/cont-new.mkxl fullname=D:/venvs/context-win64/tex/texmf-context/tex/context/base/mkxl/cont-new.mkxl usedmethod=database
system          >    3: filename=lang-exc.lua filetype=lua foundname=D:/venvs/context-win64/tex/texmf-context/tex/context/base/mkiv/lang-exc.lua fullname=D:/venvs/context-win64/tex/texmf-context/tex/context/base/mkiv/lang-exc.lua usedmethod=database
system          >    4: filename=lang-us.lua filetype=lua foundname=D:/venvs/context-win64/tex/texmf-context/tex/context/patterns/mkiv/lang-us.lua fullname=D:/venvs/context-win64/tex/texmf-context/tex/context/patterns/mkiv/lang-us.lua usedmethod=database
system          >    5: filename=d:/ah21/vertical-typesetting/vtypesetting_callback.lmtx format=tex foundname=d:/ah21/vertical-typesetting/vtypesetting_callback.lmtx fullname=d:/ah21/vertical-typesetting/vtypesetting_callback.lmtx usedmethod=direct
system          >    6: filename=type-imp-mscore.mkiv filetype=tex foundname=D:/venvs/context-win64/tex/texmf-context/tex/context/fonts/mkiv/type-imp-mscore.mkiv fullname=D:/venvs/context-win64/tex/texmf-context/tex/context/fonts/mkiv/type-imp-mscore.mkiv usedmethod=database
system          >    7: filename=type-imp-cambria.mkiv filetype=tex foundname=D:/venvs/context-win64/tex/texmf-context/tex/context/fonts/mkiv/type-imp-cambria.mkiv fullname=D:/venvs/context-win64/tex/texmf-context/tex/context/fonts/mkiv/type-imp-cambria.mkiv usedmethod=database
system          >    8: filename=type-imp-dejavu.mkiv filetype=tex foundname=D:/venvs/context-win64/tex/texmf-context/tex/context/fonts/mkiv/type-imp-dejavu.mkiv fullname=D:/venvs/context-win64/tex/texmf-context/tex/context/fonts/mkiv/type-imp-dejavu.mkiv usedmethod=database
system          >    9: filename=cambria-math.lfg filetype=tex foundname=D:/venvs/context-win64/tex/texmf-context/tex/context/fonts/mkiv/cambria-math.lfg fullname=D:/venvs/context-win64/tex/texmf-context/tex/context/fonts/mkiv/cambria-math.lfg usedmethod=database
system          >   10: filename=stsong.ttf filetype=ttf format=ttf foundname=c:/windows/fonts/stsong.ttf fullname=c:/windows/fonts/stsong.ttf usedmethod=filesystem
system          >   11: filename=c:/windows/fonts/cambria.ttc format=ttc foundname=c:/windows/fonts/cambria.ttc fullname=c:/windows/fonts/cambria.ttc usedmethod=direct
system          >   12: filename=t-zhfonts.mkiv filetype=tex foundname=D:/venvs/context-win64/tex/texmf-context/third/zhfonts/t-zhfonts.mkiv fullname=D:/venvs/context-win64/tex/texmf-context/third/zhfonts/t-zhfonts.mkiv usedmethod=otherwise
system          >   13: filename=t-zhfonts.lua filetype=tex format=tex foundname=D:/venvs/context-win64/tex/texmf-context/third/zhfonts/t-zhfonts.lua fullname=D:/venvs/context-win64/tex/texmf-context/third/zhfonts/t-zhfonts.lua usedmethod=otherwise
system          >   14: filename=t-zhspuncs.lua filetype=tex format=tex foundname=D:/venvs/context-win64/tex/texmf-context/third/zhfonts/t-zhspuncs.lua fullname=D:/venvs/context-win64/tex/texmf-context/third/zhfonts/t-zhspuncs.lua usedmethod=otherwise
system          >   15: filename=vertical_typeset.lua foundname=vertical_typeset.lua fullname=D:/ah21/vertical-typesetting/vertical_typeset.lua usedmethod=direct
system          >   16: filename=zhfonts/t-zhspuncs.lua foundname=zhfonts/t-zhspuncs.lua fullname=D:/ah21/vertical-typesetting/zhfonts/t-zhspuncs.lua usedmethod=direct
system          >   17: filename=stzhongs.ttf filetype=ttf format=ttf foundname=c:/windows/fonts/stzhongs.ttf fullname=c:/windows/fonts/stzhongs.ttf usedmethod=filesystem
system          >   18: filename=stkaiti.ttf filetype=ttf format=ttf foundname=c:/windows/fonts/stkaiti.ttf fullname=c:/windows/fonts/stkaiti.ttf usedmethod=filesystem
system          >   19: filename=lpdf-pdx.xml filetype=tex foundname=D:/venvs/context-win64/tex/texmf-context/tex/context/base/mkiv/lpdf-pdx.xml fullname=D:/venvs/context-win64/tex/texmf-context/tex/context/base/mkiv/lpdf-pdx.xml usedmethod=database
system          > stop used files
system          > start commandline options
system          > autogenerate="true"
system          > currentrun="1"
system          > fulljobname="d:/ah21/vertical-typesetting/vtypesetting_callback.lmtx"
system          > input="d:/ah21/vertical-typesetting/vtypesetting_callback.lmtx"
system          > kindofrun="1"
system          > maxnofruns="9"
system          > texmfbinpath="D:/venvs/context-win64/tex/texmf-win64/bin"
system          > stop commandline options
system          > start commandline files
system          >    1: d:/ah21/vertical-typesetting/vtypesetting_callback.lmtx
system          > stop commandline files
modules         > start used modules
modules         > loaded : *-zhfonts
modules         > stop used modules
system          > 
system          > status after finishing run
system          > 
system          >   -----------------------------------------------------------------------------------------------------------------------------------------------------------------------------------
system          >           string       pool       hash     lookup       node      token     buffer      input       file       nest  parameter       save       font   language       mark     insert
system          >   -----------------------------------------------------------------------------------------------------------------------------------------------------------------------------------
system          >   max    2097152  100000000    2097152    2097152  100000000   10000000  100000000     100000       2000      10000     100000     500000     100000      10000      10000        500
system          >   min     150000   10000000     150000     150000    1000000    1000000    1000000      10000        500       1000      20000     100000        250        250         50         10
system          >   set     500000   10000000     250000     250000   50000000   10000000   10000000     100000       2000      10000     100000     500000     100000        250        250        250
system          >   stp     100000    1000000     100000     100000     500000     250000    1000000      10000        250       1000      10000      10000        250        250         50         25
system          > 
system          >   mem     150000     913498     150000               1000000    1000000    1000000      10000        500       1000      20000      10000   28375776        144       1200        320
system          >   all    2400000     913498    2400000               9000000    8000000    1000000     320000      16000      48000      80000     160000   28375776        144      28800      10240
system          > 
system          >   ini    2142543     858130          0      45373          0     496388                                                                                       0                      
system          >   ptr      47616                  9438      47598                548624          0          0          0          0          0          0         24          0         28          7
system          >   top      47617                740050     131074     144660     544739        405         42          7         12         42        643        250        250         50         10
system          >   -----------------------------------------------------------------------------------------------------------------------------------------------------------------------------------
system          > 
system          >   current input type    : initial
system          > 
system          >   approximate memory    : 56127674 (53 MB)
system          > 
system          >   expansion depth       : min: 10000, max: 1000000, set: 10000, top: 6
system          > 
system          >   luabytecode registers : 1002
system          >   luabytecode bytes     : 16048 (0 MB)
system          >   luastate bytes now    : 196098576 (187 MB)
system          >   luastate bytes max    : 196306761 (187 MB)
system          > 
system          >   file callbacks        : 537
system          >   saved callbacks       : 846
system          >   direct callbacks      : 5
system          >   function callbacks    : 1620
system          >   value callbacks       : 6
system          >   message callbacks     : 0
system          >   bytecode callbacks    : 600
system          > 
system          >   mp instances          : 0
system          >   mp estimated memory   : 0 (0 MB)
system          >   mp file callbacks     : 0
system          >   mp text callbacks     : 0
system          >   mp script callbacks   : 0
system          >   mp log callbacks      : 0
system          > 
system          >   total callbacks       : 3614
system          >   mp total callbacks    : 0
system          >   backend callbacks     : 0
system          > 
mkiv lua stats  > used config file: selfautoparent:/texmf/web2c/texmfcnf.lua
mkiv lua stats  > used cache path: D:/venvs/context-win64/tex/texmf-cache/luametatex-cache/context/5fe67e0bfe781ce0dde776fb1556f32e
mkiv lua stats  > resource resolver: loadtime 0.006 seconds, 0 scans with scantime 0.000 seconds, 0 shared scans, 19 found files, scanned paths: <none>
mkiv lua stats  > stored bytecode data: 502 modules (0.239 sec), 98 tables (0.011 sec), 600 chunks (0.250 sec)
mkiv lua stats  > traced context: maxstack: 1616, freed: 0, unreachable: 1616
mkiv lua stats  > cleaned up reserved nodes: 71 nodes, 9 lists of 435
mkiv lua stats  > node memory usage: 27 attribute, 1 glue, 59 glue_spec, 1994 glyph, 3 kern, 2 penalty, 2 temp
mkiv lua stats  > node list callback tasks: 12 unique task lists, 8 instances (re)created, 338 calls
mkiv lua stats  > driver time: 0.056 seconds 
mkiv lua stats  > used backend: pdf
mkiv lua stats  > jobdata time: 0.002 seconds saving, 0.001 seconds loading
mkiv lua stats  > callbacks: file: 537, saved: 846, direct: 5, function: 1620, value: 6, message: 0, bytecode: 600, late 0, total: 3614 (602 per page)
mkiv lua stats  > randomizer: resumed with value 0.42778100733909
mkiv lua stats  > loaded tex modules: 1 requested, all found (*-zhfonts)
mkiv lua stats  > loaded patterns: cn::56 en::1, load time: 0.000
mkiv lua stats  > loaded fonts: 4 files: cambria.ttc, stkaiti.ttf, stsong.ttf, stzhongs.ttf
mkiv lua stats  > font engine: otf 3.119, afm 1.513, tfm 1.000, 24 instances, 18 shared in backend, 4 common vectors, 14 common hashes, load time 1.054 seconds 
mkiv lua stats  > body font sizes: defined: 10pt 11pt 12pt 14.4pt 17.3pt 20.7pt 4pt 5pt 6pt 7pt 8pt 9pt, undefined: 19.2pt 24pt 28.8pt
mkiv lua stats  > font embedding time: 0.076 seconds, 3 fonts
mkiv lua stats  > result saved in file: d:/ah21/vertical-typesetting/vtypesetting_callback.pdf, compresslevel 1, objectcompresslevel 3
mkiv lua stats  > positions: 4 collected, 0 deltas, 0 shared partials, 0 partial entries
mkiv lua stats  > used platform: win64, type: windows, binary subtree: texmf-win64
mkiv lua stats  > used engine: luametatex version: 2.0936, functionality level: 20221202, format id: 616, compiler: gcc
mkiv lua stats  > tex properties: 740050 hash slots used of 2097152, 47598 control sequences, approximate memory usage: 53 MB
mkiv lua stats  > lua properties: engine: lua 5.4, used memory: 193 MB, ctx: 187 MB, max: 187 MB, symbol mask: utf (τεχ)
mkiv lua stats  > runtime: 1.619 seconds, 6 processed pages, 6 shipped pages, 3.707 pages/second
